<?xml version="1.0" encoding="UTF-8"?>
<coverage generated="1680145407425" clover="3.2.0">
  <project timestamp="1680145407426" name="All files">
    <metrics statements="155" coveredstatements="91" conditionals="78" coveredconditionals="38" methods="51" coveredmethods="25" elements="284" coveredelements="154" complexity="0" loc="155" ncloc="155" packages="2" files="15" classes="15"/>
    <package name="Q&A">
      <metrics statements="89" coveredstatements="71" conditionals="52" coveredconditionals="38" methods="35" coveredmethods="25"/>
      <file name="AnswerItem.jsx" path="/Users/yeonghwang/Downloads/HR2302/amyv/Atelier/client/src/components/Q&A/AnswerItem.jsx">
        <metrics statements="15" coveredstatements="9" conditionals="10" coveredconditionals="7" methods="5" coveredmethods="1"/>
        <line num="6" count="64" type="stmt"/>
        <line num="7" count="64" type="stmt"/>
        <line num="8" count="64" type="stmt"/>
        <line num="9" count="64" type="stmt"/>
        <line num="10" count="64" type="stmt"/>
        <line num="12" count="64" type="stmt"/>
        <line num="13" count="0" type="stmt"/>
        <line num="18" count="0" type="stmt"/>
        <line num="19" count="0" type="stmt"/>
        <line num="21" count="64" type="stmt"/>
        <line num="22" count="0" type="stmt"/>
        <line num="27" count="0" type="stmt"/>
        <line num="28" count="0" type="stmt"/>
        <line num="30" count="64" type="stmt"/>
        <line num="76" count="1" type="stmt"/>
      </file>
      <file name="AnswerList.jsx" path="/Users/yeonghwang/Downloads/HR2302/amyv/Atelier/client/src/components/Q&A/AnswerList.jsx">
        <metrics statements="14" coveredstatements="14" conditionals="14" coveredconditionals="10" methods="8" coveredmethods="8"/>
        <line num="7" count="17" type="stmt"/>
        <line num="8" count="17" type="stmt"/>
        <line num="9" count="17" type="stmt"/>
        <line num="10" count="656" type="cond" truecount="2" falsecount="2"/>
        <line num="11" count="656" type="cond" truecount="2" falsecount="2"/>
        <line num="12" count="656" type="stmt"/>
        <line num="14" count="17" type="stmt"/>
        <line num="15" count="17" type="stmt"/>
        <line num="16" count="17" type="stmt"/>
        <line num="17" count="17" type="stmt"/>
        <line num="18" count="17" type="stmt"/>
        <line num="21" count="64" type="stmt"/>
        <line num="30" count="1" type="stmt"/>
        <line num="39" count="1" type="stmt"/>
      </file>
      <file name="Modal.jsx" path="/Users/yeonghwang/Downloads/HR2302/amyv/Atelier/client/src/components/Q&A/Modal.jsx">
        <metrics statements="32" coveredstatements="26" conditionals="18" coveredconditionals="14" methods="9" coveredmethods="7"/>
        <line num="7" count="8" type="stmt"/>
        <line num="8" count="8" type="cond" truecount="2" falsecount="0"/>
        <line num="9" count="8" type="cond" truecount="2" falsecount="0"/>
        <line num="10" count="8" type="stmt"/>
        <line num="11" count="8" type="stmt"/>
        <line num="12" count="8" type="stmt"/>
        <line num="13" count="8" type="stmt"/>
        <line num="14" count="8" type="stmt"/>
        <line num="15" count="1" type="stmt"/>
        <line num="16" count="1" type="cond" truecount="3" falsecount="1"/>
        <line num="17" count="0" type="stmt"/>
        <line num="18" count="0" type="stmt"/>
        <line num="20" count="1" type="stmt"/>
        <line num="30" count="0" type="stmt"/>
        <line num="31" count="1" type="stmt"/>
        <line num="33" count="8" type="stmt"/>
        <line num="34" count="1" type="stmt"/>
        <line num="35" count="1" type="cond" truecount="3" falsecount="1"/>
        <line num="36" count="0" type="stmt"/>
        <line num="37" count="0" type="stmt"/>
        <line num="39" count="1" type="stmt"/>
        <line num="48" count="0" type="stmt"/>
        <line num="49" count="1" type="stmt"/>
        <line num="51" count="8" type="stmt"/>
        <line num="52" count="2" type="stmt"/>
        <line num="54" count="8" type="stmt"/>
        <line num="55" count="2" type="stmt"/>
        <line num="57" count="8" type="stmt"/>
        <line num="58" count="2" type="stmt"/>
        <line num="60" count="8" type="stmt"/>
        <line num="160" count="1" type="stmt"/>
        <line num="163" count="1" type="stmt"/>
      </file>
      <file name="QuestionItem.jsx" path="/Users/yeonghwang/Downloads/HR2302/amyv/Atelier/client/src/components/Q&A/QuestionItem.jsx">
        <metrics statements="2" coveredstatements="2" conditionals="0" coveredconditionals="0" methods="1" coveredmethods="1"/>
        <line num="6" count="12" type="stmt"/>
        <line num="19" count="1" type="stmt"/>
      </file>
      <file name="QuestionList.jsx" path="/Users/yeonghwang/Downloads/HR2302/amyv/Atelier/client/src/components/Q&A/QuestionList.jsx">
        <metrics statements="17" coveredstatements="11" conditionals="6" coveredconditionals="4" methods="8" coveredmethods="4"/>
        <line num="7" count="6" type="stmt"/>
        <line num="8" count="6" type="stmt"/>
        <line num="9" count="6" type="stmt"/>
        <line num="10" count="6" type="stmt"/>
        <line num="11" count="6" type="stmt"/>
        <line num="12" count="0" type="stmt"/>
        <line num="15" count="0" type="stmt"/>
        <line num="17" count="6" type="stmt"/>
        <line num="18" count="0" type="stmt"/>
        <line num="21" count="0" type="stmt"/>
        <line num="24" count="24" type="stmt"/>
        <line num="25" count="6" type="cond" truecount="1" falsecount="1"/>
        <line num="26" count="0" type="stmt"/>
        <line num="28" count="6" type="stmt"/>
        <line num="31" count="0" type="stmt"/>
        <line num="35" count="12" type="stmt"/>
        <line num="50" count="1" type="stmt"/>
      </file>
      <file name="exampleQuestions.js" path="/Users/yeonghwang/Downloads/HR2302/amyv/Atelier/client/src/components/Q&A/exampleQuestions.js">
        <metrics statements="1" coveredstatements="1" conditionals="0" coveredconditionals="0" methods="0" coveredmethods="0"/>
        <line num="1" count="1" type="stmt"/>
      </file>
      <file name="exampleproducts.js" path="/Users/yeonghwang/Downloads/HR2302/amyv/Atelier/client/src/components/Q&A/exampleproducts.js">
        <metrics statements="1" coveredstatements="1" conditionals="0" coveredconditionals="0" methods="0" coveredmethods="0"/>
        <line num="1" count="1" type="stmt"/>
      </file>
      <file name="index.jsx" path="/Users/yeonghwang/Downloads/HR2302/amyv/Atelier/client/src/components/Q&A/index.jsx">
        <metrics statements="7" coveredstatements="7" conditionals="4" coveredconditionals="3" methods="4" coveredmethods="4"/>
        <line num="8" count="6" type="stmt"/>
        <line num="9" count="6" type="stmt"/>
        <line num="10" count="6" type="stmt"/>
        <line num="11" count="1" type="stmt"/>
        <line num="13" count="6" type="stmt"/>
        <line num="14" count="1" type="stmt"/>
        <line num="16" count="6" type="stmt"/>
      </file>
    </package>
    <package name="RelatedItems">
      <metrics statements="66" coveredstatements="20" conditionals="26" coveredconditionals="0" methods="16" coveredmethods="0"/>
      <file name="ComparisonTable.jsx" path="/Users/yeonghwang/Downloads/HR2302/amyv/Atelier/client/src/components/RelatedItems/ComparisonTable.jsx">
        <metrics statements="5" coveredstatements="1" conditionals="6" coveredconditionals="0" methods="4" coveredmethods="0"/>
        <line num="5" count="1" type="stmt"/>
        <line num="7" count="0" type="stmt"/>
        <line num="9" count="0" type="stmt"/>
        <line num="20" count="0" type="stmt"/>
        <line num="24" count="0" type="stmt"/>
      </file>
      <file name="Modal.jsx" path="/Users/yeonghwang/Downloads/HR2302/amyv/Atelier/client/src/components/RelatedItems/Modal.jsx">
        <metrics statements="9" coveredstatements="4" conditionals="2" coveredconditionals="0" methods="2" coveredmethods="0"/>
        <line num="5" count="1" type="stmt"/>
        <line num="6" count="0" type="cond" truecount="0" falsecount="2"/>
        <line num="7" count="0" type="stmt"/>
        <line num="24" count="1" type="stmt"/>
        <line num="31" count="1" type="stmt"/>
        <line num="32" count="0" type="stmt"/>
        <line num="34" count="0" type="stmt"/>
        <line num="36" count="0" type="stmt"/>
        <line num="43" count="1" type="stmt"/>
      </file>
      <file name="RelatedItemCard.jsx" path="/Users/yeonghwang/Downloads/HR2302/amyv/Atelier/client/src/components/RelatedItems/RelatedItemCard.jsx">
        <metrics statements="25" coveredstatements="9" conditionals="8" coveredconditionals="0" methods="2" coveredmethods="0"/>
        <line num="4" count="1" type="stmt"/>
        <line num="11" count="1" type="stmt"/>
        <line num="17" count="1" type="stmt"/>
        <line num="24" count="1" type="stmt"/>
        <line num="30" count="1" type="stmt"/>
        <line num="35" count="1" type="stmt"/>
        <line num="41" count="1" type="stmt"/>
        <line num="45" count="1" type="stmt"/>
        <line num="49" count="1" type="stmt"/>
        <line num="50" count="0" type="stmt"/>
        <line num="52" count="0" type="stmt"/>
        <line num="53" count="0" type="stmt"/>
        <line num="54" count="0" type="stmt"/>
        <line num="55" count="0" type="stmt"/>
        <line num="56" count="0" type="stmt"/>
        <line num="58" count="0" type="stmt"/>
        <line num="60" count="0" type="stmt"/>
        <line num="61" count="0" type="cond" truecount="0" falsecount="2"/>
        <line num="62" count="0" type="stmt"/>
        <line num="63" count="0" type="cond" truecount="0" falsecount="4"/>
        <line num="64" count="0" type="stmt"/>
        <line num="65" count="0" type="stmt"/>
        <line num="67" count="0" type="stmt"/>
        <line num="71" count="0" type="stmt"/>
        <line num="74" count="0" type="stmt"/>
      </file>
      <file name="RelatedItems.jsx" path="/Users/yeonghwang/Downloads/HR2302/amyv/Atelier/client/src/components/RelatedItems/RelatedItems.jsx">
        <metrics statements="13" coveredstatements="2" conditionals="6" coveredconditionals="0" methods="4" coveredmethods="0"/>
        <line num="7" count="1" type="stmt"/>
        <line num="14" count="1" type="stmt"/>
        <line num="15" count="0" type="stmt"/>
        <line num="16" count="0" type="stmt"/>
        <line num="18" count="0" type="stmt"/>
        <line num="20" count="0" type="stmt"/>
        <line num="21" count="0" type="cond" truecount="0" falsecount="2"/>
        <line num="22" count="0" type="stmt"/>
        <line num="26" count="0" type="stmt"/>
        <line num="27" count="0" type="cond" truecount="0" falsecount="2"/>
        <line num="28" count="0" type="stmt"/>
        <line num="52" count="0" type="stmt"/>
        <line num="65" count="0" type="stmt"/>
      </file>
      <file name="exampleProduct.js" path="/Users/yeonghwang/Downloads/HR2302/amyv/Atelier/client/src/components/RelatedItems/exampleProduct.js">
        <metrics statements="2" coveredstatements="2" conditionals="0" coveredconditionals="0" methods="0" coveredmethods="0"/>
        <line num="1" count="1" type="stmt"/>
        <line num="23" count="1" type="stmt"/>
      </file>
      <file name="exampleProducts.js" path="/Users/yeonghwang/Downloads/HR2302/amyv/Atelier/client/src/components/RelatedItems/exampleProducts.js">
        <metrics statements="1" coveredstatements="1" conditionals="0" coveredconditionals="0" methods="0" coveredmethods="0"/>
        <line num="1" count="1" type="stmt"/>
      </file>
      <file name="index.jsx" path="/Users/yeonghwang/Downloads/HR2302/amyv/Atelier/client/src/components/RelatedItems/index.jsx">
        <metrics statements="11" coveredstatements="1" conditionals="4" coveredconditionals="0" methods="4" coveredmethods="0"/>
        <line num="9" count="0" type="cond" truecount="0" falsecount="2"/>
        <line num="10" count="0" type="stmt"/>
        <line num="11" count="0" type="stmt"/>
        <line num="13" count="0" type="stmt"/>
        <line num="14" count="0" type="stmt"/>
        <line num="15" count="0" type="stmt"/>
        <line num="18" count="0" type="stmt"/>
        <line num="19" count="0" type="stmt"/>
        <line num="22" count="0" type="stmt"/>
        <line num="24" count="0" type="stmt"/>
        <line num="45" count="1" type="stmt"/>
      </file>
    </package>
  </project>
</coverage>
