<?xml version="1.0" encoding="UTF-8"?>
<coverage generated="1680022980346" clover="3.2.0">
  <project timestamp="1680022980346" name="All files">
    <metrics statements="89" coveredstatements="71" conditionals="52" coveredconditionals="38" methods="35" coveredmethods="25" elements="176" coveredelements="134" complexity="0" loc="89" ncloc="89" packages="1" files="8" classes="8"/>
    <file name="AnswerItem.jsx" path="/home/mevcaus/hackreactor/Atelier/client/src/components/Q&A/AnswerItem.jsx">
      <metrics statements="15" coveredstatements="9" conditionals="10" coveredconditionals="7" methods="5" coveredmethods="1"/>
      <line num="6" count="64" type="stmt"/>
      <line num="7" count="64" type="stmt"/>
      <line num="8" count="64" type="stmt"/>
      <line num="9" count="64" type="stmt"/>
      <line num="10" count="64" type="stmt"/>
      <line num="12" count="64" type="stmt"/>
      <line num="13" count="0" type="stmt"/>
      <line num="18" count="0" type="stmt"/>
      <line num="19" count="0" type="stmt"/>
      <line num="21" count="64" type="stmt"/>
      <line num="22" count="0" type="stmt"/>
      <line num="27" count="0" type="stmt"/>
      <line num="28" count="0" type="stmt"/>
      <line num="30" count="64" type="stmt"/>
      <line num="76" count="1" type="stmt"/>
    </file>
    <file name="AnswerList.jsx" path="/home/mevcaus/hackreactor/Atelier/client/src/components/Q&A/AnswerList.jsx">
      <metrics statements="14" coveredstatements="14" conditionals="14" coveredconditionals="10" methods="8" coveredmethods="8"/>
      <line num="7" count="17" type="stmt"/>
      <line num="8" count="17" type="stmt"/>
      <line num="9" count="17" type="stmt"/>
      <line num="10" count="656" type="cond" truecount="2" falsecount="2"/>
      <line num="11" count="656" type="cond" truecount="2" falsecount="2"/>
      <line num="12" count="656" type="stmt"/>
      <line num="14" count="17" type="stmt"/>
      <line num="15" count="17" type="stmt"/>
      <line num="16" count="17" type="stmt"/>
      <line num="17" count="17" type="stmt"/>
      <line num="18" count="17" type="stmt"/>
      <line num="21" count="64" type="stmt"/>
      <line num="30" count="1" type="stmt"/>
      <line num="39" count="1" type="stmt"/>
    </file>
    <file name="Modal.jsx" path="/home/mevcaus/hackreactor/Atelier/client/src/components/Q&A/Modal.jsx">
      <metrics statements="32" coveredstatements="26" conditionals="18" coveredconditionals="14" methods="9" coveredmethods="7"/>
      <line num="7" count="8" type="stmt"/>
      <line num="8" count="8" type="cond" truecount="2" falsecount="0"/>
      <line num="9" count="8" type="cond" truecount="2" falsecount="0"/>
      <line num="10" count="8" type="stmt"/>
      <line num="11" count="8" type="stmt"/>
      <line num="12" count="8" type="stmt"/>
      <line num="13" count="8" type="stmt"/>
      <line num="14" count="8" type="stmt"/>
      <line num="15" count="1" type="stmt"/>
      <line num="16" count="1" type="cond" truecount="3" falsecount="1"/>
      <line num="17" count="0" type="stmt"/>
      <line num="18" count="0" type="stmt"/>
      <line num="20" count="1" type="stmt"/>
      <line num="30" count="0" type="stmt"/>
      <line num="31" count="1" type="stmt"/>
      <line num="33" count="8" type="stmt"/>
      <line num="34" count="1" type="stmt"/>
      <line num="35" count="1" type="cond" truecount="3" falsecount="1"/>
      <line num="36" count="0" type="stmt"/>
      <line num="37" count="0" type="stmt"/>
      <line num="39" count="1" type="stmt"/>
      <line num="48" count="0" type="stmt"/>
      <line num="49" count="1" type="stmt"/>
      <line num="51" count="8" type="stmt"/>
      <line num="52" count="2" type="stmt"/>
      <line num="54" count="8" type="stmt"/>
      <line num="55" count="2" type="stmt"/>
      <line num="57" count="8" type="stmt"/>
      <line num="58" count="2" type="stmt"/>
      <line num="60" count="8" type="stmt"/>
      <line num="160" count="1" type="stmt"/>
      <line num="163" count="1" type="stmt"/>
    </file>
    <file name="QuestionItem.jsx" path="/home/mevcaus/hackreactor/Atelier/client/src/components/Q&A/QuestionItem.jsx">
      <metrics statements="2" coveredstatements="2" conditionals="0" coveredconditionals="0" methods="1" coveredmethods="1"/>
      <line num="6" count="12" type="stmt"/>
      <line num="19" count="1" type="stmt"/>
    </file>
    <file name="QuestionList.jsx" path="/home/mevcaus/hackreactor/Atelier/client/src/components/Q&A/QuestionList.jsx">
      <metrics statements="17" coveredstatements="11" conditionals="6" coveredconditionals="4" methods="8" coveredmethods="4"/>
      <line num="7" count="6" type="stmt"/>
      <line num="8" count="6" type="stmt"/>
      <line num="9" count="6" type="stmt"/>
      <line num="10" count="6" type="stmt"/>
      <line num="11" count="6" type="stmt"/>
      <line num="12" count="0" type="stmt"/>
      <line num="15" count="0" type="stmt"/>
      <line num="17" count="6" type="stmt"/>
      <line num="18" count="0" type="stmt"/>
      <line num="21" count="0" type="stmt"/>
      <line num="24" count="24" type="stmt"/>
      <line num="25" count="6" type="cond" truecount="1" falsecount="1"/>
      <line num="26" count="0" type="stmt"/>
      <line num="28" count="6" type="stmt"/>
      <line num="31" count="0" type="stmt"/>
      <line num="35" count="12" type="stmt"/>
      <line num="50" count="1" type="stmt"/>
    </file>
    <file name="exampleQuestions.js" path="/home/mevcaus/hackreactor/Atelier/client/src/components/Q&A/exampleQuestions.js">
      <metrics statements="1" coveredstatements="1" conditionals="0" coveredconditionals="0" methods="0" coveredmethods="0"/>
      <line num="1" count="1" type="stmt"/>
    </file>
    <file name="exampleproducts.js" path="/home/mevcaus/hackreactor/Atelier/client/src/components/Q&A/exampleproducts.js">
      <metrics statements="1" coveredstatements="1" conditionals="0" coveredconditionals="0" methods="0" coveredmethods="0"/>
      <line num="1" count="1" type="stmt"/>
    </file>
    <file name="index.jsx" path="/home/mevcaus/hackreactor/Atelier/client/src/components/Q&A/index.jsx">
      <metrics statements="7" coveredstatements="7" conditionals="4" coveredconditionals="3" methods="4" coveredmethods="4"/>
      <line num="8" count="6" type="stmt"/>
      <line num="9" count="6" type="stmt"/>
      <line num="10" count="6" type="stmt"/>
      <line num="11" count="1" type="stmt"/>
      <line num="13" count="6" type="stmt"/>
      <line num="14" count="1" type="stmt"/>
      <line num="16" count="6" type="stmt"/>
    </file>
  </project>
</coverage>
