{"/home/mevcaus/hackreactor/Atelier/client/src/components/Q&A/AnswerItem.jsx": {"path":"/home/mevcaus/hackreactor/Atelier/client/src/components/Q&A/AnswerItem.jsx","statementMap":{"0":{"start":{"line":6,"column":14},"end":{"line":6,"column":79}},"1":{"start":{"line":7,"column":15},"end":{"line":7,"column":36}},"2":{"start":{"line":8,"column":24},"end":{"line":8,"column":119}},"3":{"start":{"line":9,"column":28},"end":{"line":9,"column":49}},"4":{"start":{"line":10,"column":34},"end":{"line":10,"column":55}},"5":{"start":{"line":12,"column":29},"end":{"line":20,"column":3}},"6":{"start":{"line":13,"column":4},"end":{"line":18,"column":38}},"7":{"start":{"line":18,"column":24},"end":{"line":18,"column":34}},"8":{"start":{"line":19,"column":4},"end":{"line":19,"column":21}},"9":{"start":{"line":21,"column":34},"end":{"line":29,"column":3}},"10":{"start":{"line":22,"column":4},"end":{"line":27,"column":38}},"11":{"start":{"line":27,"column":24},"end":{"line":27,"column":34}},"12":{"start":{"line":28,"column":4},"end":{"line":28,"column":22}},"13":{"start":{"line":30,"column":2},"end":{"line":74,"column":4}},"14":{"start":{"line":76,"column":0},"end":{"line":85,"column":2}}},"fnMap":{"0":{"name":"AnswerItem","decl":{"start":{"line":5,"column":9},"end":{"line":5,"column":19}},"loc":{"start":{"line":5,"column":32},"end":{"line":75,"column":1}},"line":5},"1":{"name":"(anonymous_1)","decl":{"start":{"line":12,"column":29},"end":{"line":12,"column":30}},"loc":{"start":{"line":12,"column":35},"end":{"line":20,"column":3}},"line":12},"2":{"name":"(anonymous_2)","decl":{"start":{"line":18,"column":13},"end":{"line":18,"column":14}},"loc":{"start":{"line":18,"column":22},"end":{"line":18,"column":36}},"line":18},"3":{"name":"(anonymous_3)","decl":{"start":{"line":21,"column":34},"end":{"line":21,"column":35}},"loc":{"start":{"line":21,"column":40},"end":{"line":29,"column":3}},"line":21},"4":{"name":"(anonymous_4)","decl":{"start":{"line":27,"column":13},"end":{"line":27,"column":14}},"loc":{"start":{"line":27,"column":22},"end":{"line":27,"column":36}},"line":27}},"branchMap":{"0":{"loc":{"start":{"line":40,"column":13},"end":{"line":42,"column":36}},"type":"cond-expr","locations":[{"start":{"line":41,"column":16},"end":{"line":41,"column":55}},{"start":{"line":42,"column":16},"end":{"line":42,"column":36}}],"line":40},"1":{"loc":{"start":{"line":49,"column":13},"end":{"line":56,"column":13}},"type":"binary-expr","locations":[{"start":{"line":49,"column":13},"end":{"line":49,"column":19}},{"start":{"line":50,"column":12},"end":{"line":55,"column":21}}],"line":49},"2":{"loc":{"start":{"line":58,"column":11},"end":{"line":60,"column":11}},"type":"binary-expr","locations":[{"start":{"line":58,"column":11},"end":{"line":58,"column":16}},{"start":{"line":59,"column":12},"end":{"line":59,"column":49}}],"line":58},"3":{"loc":{"start":{"line":64,"column":13},"end":{"line":66,"column":13}},"type":"binary-expr","locations":[{"start":{"line":64,"column":13},"end":{"line":64,"column":22}},{"start":{"line":65,"column":14},"end":{"line":65,"column":109}}],"line":64},"4":{"loc":{"start":{"line":67,"column":13},"end":{"line":69,"column":13}},"type":"binary-expr","locations":[{"start":{"line":67,"column":13},"end":{"line":67,"column":21}},{"start":{"line":68,"column":14},"end":{"line":68,"column":35}}],"line":67}},"s":{"0":64,"1":64,"2":64,"3":64,"4":64,"5":64,"6":0,"7":0,"8":0,"9":64,"10":0,"11":0,"12":0,"13":64,"14":1},"f":{"0":64,"1":0,"2":0,"3":0,"4":0},"b":{"0":[0,64],"1":[64,64],"2":[64,0],"3":[64,64],"4":[64,0]},"_coverageSchema":"1a1c01bbd47fc00a2c39e90264f33305004495a9","hash":"6fbd41f9b672aaa29c8996beec4b119a55253c9c"}
,"/home/mevcaus/hackreactor/Atelier/client/src/components/Q&A/AnswerList.jsx": {"path":"/home/mevcaus/hackreactor/Atelier/client/src/components/Q&A/AnswerList.jsx","statementMap":{"0":{"start":{"line":7,"column":34},"end":{"line":7,"column":51}},"1":{"start":{"line":8,"column":36},"end":{"line":8,"column":57}},"2":{"start":{"line":9,"column":19},"end":{"line":13,"column":4}},"3":{"start":{"line":10,"column":4},"end":{"line":10,"column":84}},"4":{"start":{"line":10,"column":72},"end":{"line":10,"column":82}},"5":{"start":{"line":11,"column":4},"end":{"line":11,"column":83}},"6":{"start":{"line":11,"column":72},"end":{"line":11,"column":81}},"7":{"start":{"line":12,"column":4},"end":{"line":12,"column":41}},"8":{"start":{"line":14,"column":37},"end":{"line":14,"column":99}},"9":{"start":{"line":14,"column":45},"end":{"line":14,"column":97}},"10":{"start":{"line":15,"column":37},"end":{"line":15,"column":62}},"11":{"start":{"line":15,"column":45},"end":{"line":15,"column":60}},"12":{"start":{"line":16,"column":31},"end":{"line":16,"column":60}},"13":{"start":{"line":16,"column":39},"end":{"line":16,"column":58}},"14":{"start":{"line":17,"column":22},"end":{"line":17,"column":52}},"15":{"start":{"line":17,"column":30},"end":{"line":17,"column":50}},"16":{"start":{"line":18,"column":2},"end":{"line":36,"column":4}},"17":{"start":{"line":21,"column":48},"end":{"line":21,"column":84}},"18":{"start":{"line":30,"column":31},"end":{"line":30,"column":61}},"19":{"start":{"line":39,"column":0},"end":{"line":60,"column":2}}},"fnMap":{"0":{"name":"AnswerList","decl":{"start":{"line":6,"column":9},"end":{"line":6,"column":19}},"loc":{"start":{"line":6,"column":34},"end":{"line":37,"column":1}},"line":6},"1":{"name":"(anonymous_1)","decl":{"start":{"line":9,"column":56},"end":{"line":9,"column":57}},"loc":{"start":{"line":9,"column":66},"end":{"line":13,"column":3}},"line":9},"2":{"name":"(anonymous_2)","decl":{"start":{"line":14,"column":37},"end":{"line":14,"column":38}},"loc":{"start":{"line":14,"column":43},"end":{"line":14,"column":99}},"line":14},"3":{"name":"(anonymous_3)","decl":{"start":{"line":15,"column":37},"end":{"line":15,"column":38}},"loc":{"start":{"line":15,"column":43},"end":{"line":15,"column":62}},"line":15},"4":{"name":"(anonymous_4)","decl":{"start":{"line":16,"column":31},"end":{"line":16,"column":32}},"loc":{"start":{"line":16,"column":37},"end":{"line":16,"column":60}},"line":16},"5":{"name":"(anonymous_5)","decl":{"start":{"line":17,"column":22},"end":{"line":17,"column":23}},"loc":{"start":{"line":17,"column":28},"end":{"line":17,"column":52}},"line":17},"6":{"name":"(anonymous_6)","decl":{"start":{"line":21,"column":41},"end":{"line":21,"column":42}},"loc":{"start":{"line":21,"column":48},"end":{"line":21,"column":84}},"line":21},"7":{"name":"(anonymous_7)","decl":{"start":{"line":30,"column":25},"end":{"line":30,"column":26}},"loc":{"start":{"line":30,"column":31},"end":{"line":30,"column":61}},"line":30}},"branchMap":{"0":{"loc":{"start":{"line":10,"column":4},"end":{"line":10,"column":84}},"type":"if","locations":[{"start":{"line":10,"column":4},"end":{"line":10,"column":84}},{"start":{},"end":{}}],"line":10},"1":{"loc":{"start":{"line":10,"column":8},"end":{"line":10,"column":68}},"type":"binary-expr","locations":[{"start":{"line":10,"column":8},"end":{"line":10,"column":36}},{"start":{"line":10,"column":40},"end":{"line":10,"column":68}}],"line":10},"2":{"loc":{"start":{"line":11,"column":4},"end":{"line":11,"column":83}},"type":"if","locations":[{"start":{"line":11,"column":4},"end":{"line":11,"column":83}},{"start":{},"end":{}}],"line":11},"3":{"loc":{"start":{"line":11,"column":8},"end":{"line":11,"column":68}},"type":"binary-expr","locations":[{"start":{"line":11,"column":8},"end":{"line":11,"column":36}},{"start":{"line":11,"column":40},"end":{"line":11,"column":68}}],"line":11},"4":{"loc":{"start":{"line":24,"column":9},"end":{"line":26,"column":9}},"type":"binary-expr","locations":[{"start":{"line":24,"column":9},"end":{"line":24,"column":35}},{"start":{"line":25,"column":10},"end":{"line":25,"column":130}}],"line":24},"5":{"loc":{"start":{"line":27,"column":9},"end":{"line":29,"column":9}},"type":"binary-expr","locations":[{"start":{"line":27,"column":9},"end":{"line":27,"column":37}},{"start":{"line":28,"column":10},"end":{"line":28,"column":130}}],"line":27},"6":{"loc":{"start":{"line":31,"column":9},"end":{"line":33,"column":9}},"type":"binary-expr","locations":[{"start":{"line":31,"column":9},"end":{"line":31,"column":18}},{"start":{"line":32,"column":8},"end":{"line":32,"column":79}}],"line":31}},"s":{"0":17,"1":17,"2":17,"3":656,"4":0,"5":656,"6":0,"7":656,"8":17,"9":2,"10":17,"11":1,"12":17,"13":1,"14":17,"15":1,"16":17,"17":64,"18":1,"19":1},"f":{"0":17,"1":656,"2":2,"3":1,"4":1,"5":1,"6":64,"7":1},"b":{"0":[0,656],"1":[656,0],"2":[0,656],"3":[656,0],"4":[17,15],"5":[17,2],"6":[17,1]},"_coverageSchema":"1a1c01bbd47fc00a2c39e90264f33305004495a9","hash":"3eb7ccac969d57f16f1cce9a99d64fd8ad2b082f"}
,"/home/mevcaus/hackreactor/Atelier/client/src/components/Q&A/Modal.jsx": {"path":"/home/mevcaus/hackreactor/Atelier/client/src/components/Q&A/Modal.jsx","statementMap":{"0":{"start":{"line":7,"column":25},"end":{"line":7,"column":80}},"1":{"start":{"line":7,"column":48},"end":{"line":7,"column":79}},"2":{"start":{"line":8,"column":16},"end":{"line":8,"column":80}},"3":{"start":{"line":9,"column":19},"end":{"line":9,"column":129}},"4":{"start":{"line":10,"column":50},"end":{"line":10,"column":68}},"5":{"start":{"line":11,"column":26},"end":{"line":11,"column":44}},"6":{"start":{"line":12,"column":28},"end":{"line":12,"column":46}},"7":{"start":{"line":13,"column":28},"end":{"line":13,"column":46}},"8":{"start":{"line":14,"column":35},"end":{"line":32,"column":3}},"9":{"start":{"line":15,"column":4},"end":{"line":15,"column":23}},"10":{"start":{"line":16,"column":4},"end":{"line":19,"column":5}},"11":{"start":{"line":17,"column":6},"end":{"line":17,"column":46}},"12":{"start":{"line":18,"column":6},"end":{"line":18,"column":13}},"13":{"start":{"line":20,"column":4},"end":{"line":30,"column":38}},"14":{"start":{"line":30,"column":24},"end":{"line":30,"column":34}},"15":{"start":{"line":31,"column":4},"end":{"line":31,"column":18}},"16":{"start":{"line":33,"column":33},"end":{"line":50,"column":3}},"17":{"start":{"line":34,"column":4},"end":{"line":34,"column":23}},"18":{"start":{"line":35,"column":4},"end":{"line":38,"column":5}},"19":{"start":{"line":36,"column":6},"end":{"line":36,"column":46}},"20":{"start":{"line":37,"column":6},"end":{"line":37,"column":13}},"21":{"start":{"line":39,"column":4},"end":{"line":48,"column":38}},"22":{"start":{"line":48,"column":24},"end":{"line":48,"column":34}},"23":{"start":{"line":49,"column":4},"end":{"line":49,"column":18}},"24":{"start":{"line":51,"column":39},"end":{"line":53,"column":3}},"25":{"start":{"line":52,"column":4},"end":{"line":52,"column":40}},"26":{"start":{"line":54,"column":27},"end":{"line":56,"column":3}},"27":{"start":{"line":55,"column":4},"end":{"line":55,"column":28}},"28":{"start":{"line":57,"column":28},"end":{"line":59,"column":3}},"29":{"start":{"line":58,"column":4},"end":{"line":58,"column":29}},"30":{"start":{"line":60,"column":2},"end":{"line":157,"column":4}},"31":{"start":{"line":160,"column":0},"end":{"line":162,"column":2}},"32":{"start":{"line":163,"column":0},"end":{"line":186,"column":2}}},"fnMap":{"0":{"name":"Modal","decl":{"start":{"line":6,"column":9},"end":{"line":6,"column":14}},"loc":{"start":{"line":6,"column":52},"end":{"line":158,"column":1}},"line":6},"1":{"name":"(anonymous_1)","decl":{"start":{"line":7,"column":37},"end":{"line":7,"column":38}},"loc":{"start":{"line":7,"column":48},"end":{"line":7,"column":79}},"line":7},"2":{"name":"(anonymous_2)","decl":{"start":{"line":14,"column":35},"end":{"line":14,"column":36}},"loc":{"start":{"line":14,"column":42},"end":{"line":32,"column":3}},"line":14},"3":{"name":"(anonymous_3)","decl":{"start":{"line":30,"column":13},"end":{"line":30,"column":14}},"loc":{"start":{"line":30,"column":22},"end":{"line":30,"column":36}},"line":30},"4":{"name":"(anonymous_4)","decl":{"start":{"line":33,"column":33},"end":{"line":33,"column":34}},"loc":{"start":{"line":33,"column":40},"end":{"line":50,"column":3}},"line":33},"5":{"name":"(anonymous_5)","decl":{"start":{"line":48,"column":13},"end":{"line":48,"column":14}},"loc":{"start":{"line":48,"column":22},"end":{"line":48,"column":36}},"line":48},"6":{"name":"(anonymous_6)","decl":{"start":{"line":51,"column":39},"end":{"line":51,"column":40}},"loc":{"start":{"line":51,"column":46},"end":{"line":53,"column":3}},"line":51},"7":{"name":"(anonymous_7)","decl":{"start":{"line":54,"column":27},"end":{"line":54,"column":28}},"loc":{"start":{"line":54,"column":34},"end":{"line":56,"column":3}},"line":54},"8":{"name":"(anonymous_8)","decl":{"start":{"line":57,"column":28},"end":{"line":57,"column":29}},"loc":{"start":{"line":57,"column":35},"end":{"line":59,"column":3}},"line":57}},"branchMap":{"0":{"loc":{"start":{"line":8,"column":16},"end":{"line":8,"column":80}},"type":"cond-expr","locations":[{"start":{"line":8,"column":38},"end":{"line":8,"column":58}},{"start":{"line":8,"column":61},"end":{"line":8,"column":80}}],"line":8},"1":{"loc":{"start":{"line":9,"column":19},"end":{"line":9,"column":129}},"type":"cond-expr","locations":[{"start":{"line":9,"column":41},"end":{"line":9,"column":92}},{"start":{"line":9,"column":95},"end":{"line":9,"column":129}}],"line":9},"2":{"loc":{"start":{"line":16,"column":4},"end":{"line":19,"column":5}},"type":"if","locations":[{"start":{"line":16,"column":4},"end":{"line":19,"column":5}},{"start":{},"end":{}}],"line":16},"3":{"loc":{"start":{"line":16,"column":8},"end":{"line":16,"column":52}},"type":"binary-expr","locations":[{"start":{"line":16,"column":8},"end":{"line":16,"column":28}},{"start":{"line":16,"column":32},"end":{"line":16,"column":52}}],"line":16},"4":{"loc":{"start":{"line":35,"column":4},"end":{"line":38,"column":5}},"type":"if","locations":[{"start":{"line":35,"column":4},"end":{"line":38,"column":5}},{"start":{},"end":{}}],"line":35},"5":{"loc":{"start":{"line":35,"column":8},"end":{"line":35,"column":52}},"type":"binary-expr","locations":[{"start":{"line":35,"column":8},"end":{"line":35,"column":28}},{"start":{"line":35,"column":32},"end":{"line":35,"column":52}}],"line":35},"6":{"loc":{"start":{"line":62,"column":7},"end":{"line":155,"column":7}},"type":"cond-expr","locations":[{"start":{"line":63,"column":8},"end":{"line":108,"column":15}},{"start":{"line":110,"column":8},"end":{"line":154,"column":15}}],"line":62},"7":{"loc":{"start":{"line":105,"column":11},"end":{"line":107,"column":11}},"type":"binary-expr","locations":[{"start":{"line":105,"column":11},"end":{"line":105,"column":16}},{"start":{"line":106,"column":12},"end":{"line":106,"column":26}}],"line":105},"8":{"loc":{"start":{"line":151,"column":11},"end":{"line":153,"column":11}},"type":"binary-expr","locations":[{"start":{"line":151,"column":11},"end":{"line":151,"column":16}},{"start":{"line":152,"column":12},"end":{"line":152,"column":26}}],"line":151}},"s":{"0":8,"1":8,"2":8,"3":8,"4":8,"5":8,"6":8,"7":8,"8":8,"9":1,"10":1,"11":0,"12":0,"13":1,"14":0,"15":1,"16":8,"17":1,"18":1,"19":0,"20":0,"21":1,"22":0,"23":1,"24":8,"25":2,"26":8,"27":2,"28":8,"29":2,"30":8,"31":1,"32":1},"f":{"0":8,"1":8,"2":1,"3":0,"4":1,"5":0,"6":2,"7":2,"8":2},"b":{"0":[4,4],"1":[4,4],"2":[0,1],"3":[1,1],"4":[0,1],"5":[1,1],"6":[4,4],"7":[4,0],"8":[4,0]},"_coverageSchema":"1a1c01bbd47fc00a2c39e90264f33305004495a9","hash":"e53ea21185bc81c618f13cf499b4d724c6903acf"}
,"/home/mevcaus/hackreactor/Atelier/client/src/components/Q&A/QuestionItem.jsx": {"path":"/home/mevcaus/hackreactor/Atelier/client/src/components/Q&A/QuestionItem.jsx","statementMap":{"0":{"start":{"line":6,"column":2},"end":{"line":16,"column":4}},"1":{"start":{"line":19,"column":0},"end":{"line":40,"column":2}}},"fnMap":{"0":{"name":"QuestionItem","decl":{"start":{"line":5,"column":9},"end":{"line":5,"column":21}},"loc":{"start":{"line":5,"column":36},"end":{"line":17,"column":1}},"line":5}},"branchMap":{},"s":{"0":12,"1":1},"f":{"0":12},"b":{},"_coverageSchema":"1a1c01bbd47fc00a2c39e90264f33305004495a9","hash":"381477a67bc0ebb3011fb3bf223194a15e38c591"}
,"/home/mevcaus/hackreactor/Atelier/client/src/components/Q&A/QuestionList.jsx": {"path":"/home/mevcaus/hackreactor/Atelier/client/src/components/Q&A/QuestionList.jsx","statementMap":{"0":{"start":{"line":7,"column":28},"end":{"line":7,"column":93}},"1":{"start":{"line":7,"column":51},"end":{"line":7,"column":92}},"2":{"start":{"line":8,"column":44},"end":{"line":8,"column":65}},"3":{"start":{"line":9,"column":28},"end":{"line":9,"column":46}},"4":{"start":{"line":10,"column":19},"end":{"line":10,"column":32}},"5":{"start":{"line":11,"column":39},"end":{"line":16,"column":3}},"6":{"start":{"line":12,"column":4},"end":{"line":14,"column":7}},"7":{"start":{"line":15,"column":4},"end":{"line":15,"column":27}},"8":{"start":{"line":17,"column":39},"end":{"line":22,"column":3}},"9":{"start":{"line":18,"column":4},"end":{"line":20,"column":7}},"10":{"start":{"line":21,"column":4},"end":{"line":21,"column":28}},"11":{"start":{"line":24,"column":26},"end":{"line":24,"column":86}},"12":{"start":{"line":24,"column":56},"end":{"line":24,"column":85}},"13":{"start":{"line":25,"column":28},"end":{"line":27,"column":21}},"14":{"start":{"line":26,"column":36},"end":{"line":26,"column":95}},"15":{"start":{"line":28,"column":2},"end":{"line":47,"column":4}},"16":{"start":{"line":31,"column":58},"end":{"line":31,"column":82}},"17":{"start":{"line":35,"column":10},"end":{"line":37,"column":16}},"18":{"start":{"line":50,"column":0},"end":{"line":58,"column":2}}},"fnMap":{"0":{"name":"QuestionList","decl":{"start":{"line":6,"column":9},"end":{"line":6,"column":21}},"loc":{"start":{"line":6,"column":37},"end":{"line":48,"column":1}},"line":6},"1":{"name":"(anonymous_1)","decl":{"start":{"line":7,"column":40},"end":{"line":7,"column":41}},"loc":{"start":{"line":7,"column":51},"end":{"line":7,"column":92}},"line":7},"2":{"name":"(anonymous_2)","decl":{"start":{"line":11,"column":39},"end":{"line":11,"column":40}},"loc":{"start":{"line":11,"column":45},"end":{"line":16,"column":3}},"line":11},"3":{"name":"(anonymous_3)","decl":{"start":{"line":17,"column":39},"end":{"line":17,"column":40}},"loc":{"start":{"line":17,"column":45},"end":{"line":22,"column":3}},"line":17},"4":{"name":"(anonymous_4)","decl":{"start":{"line":24,"column":46},"end":{"line":24,"column":47}},"loc":{"start":{"line":24,"column":56},"end":{"line":24,"column":85}},"line":24},"5":{"name":"(anonymous_5)","decl":{"start":{"line":26,"column":29},"end":{"line":26,"column":30}},"loc":{"start":{"line":26,"column":36},"end":{"line":26,"column":95}},"line":26},"6":{"name":"(anonymous_6)","decl":{"start":{"line":31,"column":51},"end":{"line":31,"column":52}},"loc":{"start":{"line":31,"column":58},"end":{"line":31,"column":82}},"line":31},"7":{"name":"(anonymous_7)","decl":{"start":{"line":34,"column":59},"end":{"line":34,"column":60}},"loc":{"start":{"line":35,"column":10},"end":{"line":37,"column":16}},"line":35}},"branchMap":{"0":{"loc":{"start":{"line":25,"column":28},"end":{"line":27,"column":21}},"type":"cond-expr","locations":[{"start":{"line":26,"column":6},"end":{"line":26,"column":96}},{"start":{"line":27,"column":6},"end":{"line":27,"column":21}}],"line":25},"1":{"loc":{"start":{"line":39,"column":9},"end":{"line":41,"column":9}},"type":"binary-expr","locations":[{"start":{"line":39,"column":9},"end":{"line":39,"column":51}},{"start":{"line":40,"column":10},"end":{"line":40,"column":125}}],"line":39},"2":{"loc":{"start":{"line":42,"column":9},"end":{"line":44,"column":9}},"type":"binary-expr","locations":[{"start":{"line":42,"column":9},"end":{"line":42,"column":22}},{"start":{"line":43,"column":10},"end":{"line":43,"column":125}}],"line":42}},"s":{"0":6,"1":6,"2":6,"3":6,"4":6,"5":6,"6":0,"7":0,"8":6,"9":0,"10":0,"11":6,"12":24,"13":6,"14":0,"15":6,"16":0,"17":12,"18":1},"f":{"0":6,"1":6,"2":0,"3":0,"4":24,"5":0,"6":0,"7":12},"b":{"0":[0,6],"1":[6,6],"2":[6,0]},"_coverageSchema":"1a1c01bbd47fc00a2c39e90264f33305004495a9","hash":"6378d744312268a8b286e3f3eb3a352b819bc405"}
,"/home/mevcaus/hackreactor/Atelier/client/src/components/Q&A/exampleQuestions.js": {"path":"/home/mevcaus/hackreactor/Atelier/client/src/components/Q&A/exampleQuestions.js","statementMap":{"0":{"start":{"line":1,"column":0},"end":{"line":506,"column":2}}},"fnMap":{},"branchMap":{},"s":{"0":1},"f":{},"b":{},"_coverageSchema":"1a1c01bbd47fc00a2c39e90264f33305004495a9","hash":"c621aff98001802d12af1cb4a6ffc4624878a6ec"}
,"/home/mevcaus/hackreactor/Atelier/client/src/components/Q&A/exampleproducts.js": {"path":"/home/mevcaus/hackreactor/Atelier/client/src/components/Q&A/exampleproducts.js","statementMap":{"0":{"start":{"line":1,"column":0},"end":{"line":57,"column":2}}},"fnMap":{},"branchMap":{},"s":{"0":1},"f":{},"b":{},"_coverageSchema":"1a1c01bbd47fc00a2c39e90264f33305004495a9","hash":"a462d520f3ef4da96899fea6cce8cfd61b3835f3"}
,"/home/mevcaus/hackreactor/Atelier/client/src/components/Q&A/index.jsx": {"path":"/home/mevcaus/hackreactor/Atelier/client/src/components/Q&A/index.jsx","statementMap":{"0":{"start":{"line":8,"column":20},"end":{"line":8,"column":77}},"1":{"start":{"line":8,"column":43},"end":{"line":8,"column":76}},"2":{"start":{"line":9,"column":36},"end":{"line":9,"column":57}},"3":{"start":{"line":10,"column":28},"end":{"line":12,"column":3}},"4":{"start":{"line":11,"column":4},"end":{"line":11,"column":23}},"5":{"start":{"line":13,"column":22},"end":{"line":15,"column":3}},"6":{"start":{"line":14,"column":4},"end":{"line":14,"column":24}},"7":{"start":{"line":16,"column":2},"end":{"line":27,"column":4}}},"fnMap":{"0":{"name":"QandA","decl":{"start":{"line":6,"column":9},"end":{"line":6,"column":14}},"loc":{"start":{"line":6,"column":17},"end":{"line":28,"column":1}},"line":6},"1":{"name":"(anonymous_1)","decl":{"start":{"line":8,"column":32},"end":{"line":8,"column":33}},"loc":{"start":{"line":8,"column":43},"end":{"line":8,"column":76}},"line":8},"2":{"name":"(anonymous_2)","decl":{"start":{"line":10,"column":28},"end":{"line":10,"column":29}},"loc":{"start":{"line":10,"column":34},"end":{"line":12,"column":3}},"line":10},"3":{"name":"(anonymous_3)","decl":{"start":{"line":13,"column":22},"end":{"line":13,"column":23}},"loc":{"start":{"line":13,"column":28},"end":{"line":15,"column":3}},"line":13}},"branchMap":{"0":{"loc":{"start":{"line":18,"column":7},"end":{"line":21,"column":48}},"type":"cond-expr","locations":[{"start":{"line":19,"column":8},"end":{"line":19,"column":62}},{"start":{"line":21,"column":10},"end":{"line":21,"column":48}}],"line":18},"1":{"loc":{"start":{"line":23,"column":7},"end":{"line":25,"column":7}},"type":"binary-expr","locations":[{"start":{"line":23,"column":7},"end":{"line":23,"column":16}},{"start":{"line":24,"column":6},"end":{"line":24,"column":58}}],"line":23}},"s":{"0":6,"1":6,"2":6,"3":6,"4":1,"5":6,"6":1,"7":6},"f":{"0":6,"1":6,"2":1,"3":1},"b":{"0":[0,6],"1":[6,1]},"_coverageSchema":"1a1c01bbd47fc00a2c39e90264f33305004495a9","hash":"252d90b8c80920622259bed8cb1fa4db97f8c610"}
}
