TN:
SF:client/src/components/Q&A/AnswerItem.jsx
FN:5,AnswerItem
FN:12,(anonymous_1)
FN:18,(anonymous_2)
FN:21,(anonymous_3)
FN:27,(anonymous_4)
FNF:5
FNH:1
FNDA:64,AnswerItem
FNDA:0,(anonymous_1)
FNDA:0,(anonymous_2)
FNDA:0,(anonymous_3)
FNDA:0,(anonymous_4)
DA:6,64
DA:7,64
DA:8,64
DA:9,64
DA:10,64
DA:12,64
DA:13,0
DA:18,0
DA:19,0
DA:21,64
DA:22,0
DA:27,0
DA:28,0
DA:30,64
DA:76,1
LF:15
LH:9
BRDA:40,0,0,0
BRDA:40,0,1,64
BRDA:49,1,0,64
BRDA:49,1,1,64
BRDA:58,2,0,64
BRDA:58,2,1,0
BRDA:64,3,0,64
BRDA:64,3,1,64
BRDA:67,4,0,64
BRDA:67,4,1,0
BRF:10
BRH:7
end_of_record
TN:
SF:client/src/components/Q&A/AnswerList.jsx
FN:6,AnswerList
FN:9,(anonymous_1)
FN:14,(anonymous_2)
FN:15,(anonymous_3)
FN:16,(anonymous_4)
FN:17,(anonymous_5)
FN:21,(anonymous_6)
FN:30,(anonymous_7)
FNF:8
FNH:8
FNDA:17,AnswerList
FNDA:656,(anonymous_1)
FNDA:2,(anonymous_2)
FNDA:1,(anonymous_3)
FNDA:1,(anonymous_4)
FNDA:1,(anonymous_5)
FNDA:64,(anonymous_6)
FNDA:1,(anonymous_7)
DA:7,17
DA:8,17
DA:9,17
DA:10,656
DA:11,656
DA:12,656
DA:14,17
DA:15,17
DA:16,17
DA:17,17
DA:18,17
DA:21,64
DA:30,1
DA:39,1
LF:14
LH:14
BRDA:10,0,0,0
BRDA:10,0,1,656
BRDA:10,1,0,656
BRDA:10,1,1,0
BRDA:11,2,0,0
BRDA:11,2,1,656
BRDA:11,3,0,656
BRDA:11,3,1,0
BRDA:24,4,0,17
BRDA:24,4,1,15
BRDA:27,5,0,17
BRDA:27,5,1,2
BRDA:31,6,0,17
BRDA:31,6,1,1
BRF:14
BRH:10
end_of_record
TN:
SF:client/src/components/Q&A/Modal.jsx
FN:6,Modal
FN:7,(anonymous_1)
FN:14,(anonymous_2)
FN:30,(anonymous_3)
FN:33,(anonymous_4)
FN:48,(anonymous_5)
FN:51,(anonymous_6)
FN:54,(anonymous_7)
FN:57,(anonymous_8)
FNF:9
FNH:7
FNDA:8,Modal
FNDA:8,(anonymous_1)
FNDA:1,(anonymous_2)
FNDA:0,(anonymous_3)
FNDA:1,(anonymous_4)
FNDA:0,(anonymous_5)
FNDA:2,(anonymous_6)
FNDA:2,(anonymous_7)
FNDA:2,(anonymous_8)
DA:7,8
DA:8,8
DA:9,8
DA:10,8
DA:11,8
DA:12,8
DA:13,8
DA:14,8
DA:15,1
DA:16,1
DA:17,0
DA:18,0
DA:20,1
DA:30,0
DA:31,1
DA:33,8
DA:34,1
DA:35,1
DA:36,0
DA:37,0
DA:39,1
DA:48,0
DA:49,1
DA:51,8
DA:52,2
DA:54,8
DA:55,2
DA:57,8
DA:58,2
DA:60,8
DA:160,1
DA:163,1
LF:32
LH:26
BRDA:8,0,0,4
BRDA:8,0,1,4
BRDA:9,1,0,4
BRDA:9,1,1,4
BRDA:16,2,0,0
BRDA:16,2,1,1
BRDA:16,3,0,1
BRDA:16,3,1,1
BRDA:35,4,0,0
BRDA:35,4,1,1
BRDA:35,5,0,1
BRDA:35,5,1,1
BRDA:62,6,0,4
BRDA:62,6,1,4
BRDA:105,7,0,4
BRDA:105,7,1,0
BRDA:151,8,0,4
BRDA:151,8,1,0
BRF:18
BRH:14
end_of_record
TN:
SF:client/src/components/Q&A/QuestionItem.jsx
FN:5,QuestionItem
FNF:1
FNH:1
FNDA:12,QuestionItem
DA:6,12
DA:19,1
LF:2
LH:2
BRF:0
BRH:0
end_of_record
TN:
SF:client/src/components/Q&A/QuestionList.jsx
FN:6,QuestionList
FN:7,(anonymous_1)
FN:11,(anonymous_2)
FN:17,(anonymous_3)
FN:24,(anonymous_4)
FN:26,(anonymous_5)
FN:31,(anonymous_6)
FN:34,(anonymous_7)
FNF:8
FNH:4
FNDA:6,QuestionList
FNDA:6,(anonymous_1)
FNDA:0,(anonymous_2)
FNDA:0,(anonymous_3)
FNDA:24,(anonymous_4)
FNDA:0,(anonymous_5)
FNDA:0,(anonymous_6)
FNDA:12,(anonymous_7)
DA:7,6
DA:8,6
DA:9,6
DA:10,6
DA:11,6
DA:12,0
DA:15,0
DA:17,6
DA:18,0
DA:21,0
DA:24,24
DA:25,6
DA:26,0
DA:28,6
DA:31,0
DA:35,12
DA:50,1
LF:17
LH:11
BRDA:25,0,0,0
BRDA:25,0,1,6
BRDA:39,1,0,6
BRDA:39,1,1,6
BRDA:42,2,0,6
BRDA:42,2,1,0
BRF:6
BRH:4
end_of_record
TN:
SF:client/src/components/Q&A/exampleQuestions.js
FNF:0
FNH:0
DA:1,1
LF:1
LH:1
BRF:0
BRH:0
end_of_record
TN:
SF:client/src/components/Q&A/exampleproducts.js
FNF:0
FNH:0
DA:1,1
LF:1
LH:1
BRF:0
BRH:0
end_of_record
TN:
SF:client/src/components/Q&A/index.jsx
FN:6,QandA
FN:8,(anonymous_1)
FN:10,(anonymous_2)
FN:13,(anonymous_3)
FNF:4
FNH:4
FNDA:6,QandA
FNDA:6,(anonymous_1)
FNDA:1,(anonymous_2)
FNDA:1,(anonymous_3)
DA:8,6
DA:9,6
DA:10,6
DA:11,1
DA:13,6
DA:14,1
DA:16,6
LF:7
LH:7
BRDA:18,0,0,0
BRDA:18,0,1,6
BRDA:23,1,0,6
BRDA:23,1,1,1
BRF:4
BRH:3
end_of_record
